{
  "RSpec": {
    "coverage": {
      "/home/admin123/Bankapp/app/helpers/account_helper.rb": [
        null,
        null,
        1,
        null
      ],
      "/home/admin123/Bankapp/app/helpers/accounts_helper.rb": [
        null,
        null,
        1,
        null
      ],
      "/home/admin123/Bankapp/app/helpers/application_helper.rb": [
        null,
        null,
        1,
        null
      ],
      "/home/admin123/Bankapp/app/helpers/banks_helper.rb": [
        null,
        null,
        1,
        null
      ],
      "/home/admin123/Bankapp/app/helpers/branch_helper.rb": [
        null,
        null,
        1,
        null
      ],
      "/home/admin123/Bankapp/app/helpers/branches_helper.rb": [
        null,
        null,
        1,
        null
      ],
      "/home/admin123/Bankapp/app/helpers/cards_helper.rb": [
        null,
        null,
        1,
        null
      ],
      "/home/admin123/Bankapp/app/helpers/controller_helper.rb": [
        null,
        null,
        1,
        null
      ],
      "/home/admin123/Bankapp/app/helpers/loans_helper.rb": [
        null,
        null,
        1,
        null
      ],
      "/home/admin123/Bankapp/app/helpers/transactions_helper.rb": [
        null,
        null,
        1,
        null
      ],
      "/home/admin123/Bankapp/app/helpers/users_helper.rb": [
        null,
        null,
        1,
        null
      ],
      "/home/admin123/Bankapp/app/controllers/accounts_controller.rb": [
        null,
        null,
        1,
        1,
        1,
        1,
        1,
        2,
        null,
        null,
        null,
        1,
        2,
        1,
        2,
        null,
        null,
        1,
        2,
        null,
        null,
        null,
        1,
        1,
        1,
        1,
        0,
        null,
        2,
        null,
        null,
        null,
        null,
        1,
        0,
        0,
        0,
        0,
        null,
        null,
        0,
        0,
        null,
        null,
        null,
        1,
        1,
        1,
        2,
        null,
        null,
        null,
        1,
        2,
        1,
        2,
        null,
        null,
        1,
        2,
        null,
        null,
        null,
        1,
        0,
        0,
        0,
        0,
        null,
        0,
        null,
        null,
        null,
        0,
        0,
        null,
        null,
        null,
        1,
        null,
        1,
        1,
        null,
        null
      ],
      "/home/admin123/Bankapp/app/controllers/application_controller.rb": [
        null,
        null,
        1,
        null
      ],
      "/home/admin123/Bankapp/app/controllers/banks_controller.rb": [
        null,
        null,
        1,
        1,
        1,
        1,
        1,
        2,
        null,
        null,
        null,
        1,
        2,
        1,
        2,
        null,
        null,
        1,
        2,
        null,
        null,
        null,
        1,
        1,
        1,
        1,
        0,
        null,
        2,
        null,
        null,
        null,
        null,
        1,
        0,
        0,
        0,
        0,
        null,
        null,
        0,
        0,
        null,
        null,
        null,
        1,
        1,
        1,
        2,
        null,
        null,
        null,
        1,
        2,
        1,
        2,
        null,
        null,
        1,
        2,
        null,
        null,
        null,
        1,
        0,
        0,
        0,
        0,
        null,
        0,
        null,
        null,
        null,
        0,
        0,
        null,
        null,
        null,
        1,
        null,
        1,
        1,
        null,
        null
      ],
      "/home/admin123/Bankapp/app/controllers/branches_controller.rb": [
        null,
        null,
        1,
        1,
        1,
        1,
        1,
        2,
        null,
        null,
        null,
        1,
        2,
        1,
        2,
        null,
        null,
        1,
        2,
        null,
        null,
        null,
        1,
        1,
        1,
        1,
        0,
        null,
        2,
        null,
        null,
        null,
        null,
        1,
        0,
        0,
        0,
        0,
        null,
        null,
        0,
        0,
        null,
        null,
        null,
        1,
        1,
        1,
        2,
        null,
        null,
        null,
        1,
        2,
        1,
        2,
        null,
        null,
        1,
        2,
        null,
        null,
        null,
        1,
        0,
        0,
        0,
        0,
        null,
        0,
        null,
        null,
        null,
        0,
        0,
        null,
        null,
        null,
        1,
        null,
        1,
        1,
        null,
        null
      ],
      "/home/admin123/Bankapp/app/controllers/cards_controller.rb": [
        null,
        null,
        1,
        1,
        1,
        1,
        1,
        2,
        null,
        null,
        null,
        1,
        2,
        1,
        2,
        null,
        null,
        1,
        2,
        null,
        null,
        null,
        1,
        1,
        1,
        1,
        0,
        null,
        2,
        null,
        null,
        null,
        null,
        1,
        0,
        0,
        0,
        0,
        null,
        null,
        0,
        0,
        null,
        null,
        null,
        1,
        1,
        1,
        2,
        null,
        null,
        null,
        1,
        2,
        1,
        2,
        null,
        null,
        1,
        2,
        null,
        null,
        null,
        1,
        0,
        0,
        0,
        0,
        null,
        0,
        null,
        null,
        null,
        0,
        0,
        null,
        null,
        null,
        1,
        null,
        1,
        1,
        null,
        null
      ],
      "/home/admin123/Bankapp/app/controllers/loans_controller.rb": [
        null,
        null,
        1,
        1,
        1,
        1,
        1,
        2,
        null,
        null,
        null,
        1,
        2,
        1,
        2,
        null,
        null,
        1,
        2,
        null,
        null,
        null,
        1,
        1,
        1,
        1,
        0,
        null,
        2,
        null,
        null,
        null,
        null,
        1,
        0,
        0,
        0,
        0,
        null,
        null,
        0,
        0,
        null,
        null,
        null,
        1,
        1,
        1,
        2,
        null,
        null,
        null,
        1,
        2,
        1,
        2,
        null,
        null,
        1,
        2,
        null,
        null,
        null,
        1,
        0,
        0,
        0,
        0,
        null,
        0,
        null,
        null,
        null,
        0,
        0,
        null,
        null,
        null,
        1,
        null,
        1,
        1,
        null,
        null
      ],
      "/home/admin123/Bankapp/app/controllers/transactions_controller.rb": [
        null,
        null,
        1,
        1,
        1,
        1,
        1,
        2,
        null,
        null,
        null,
        1,
        2,
        1,
        2,
        null,
        null,
        1,
        2,
        null,
        null,
        null,
        1,
        1,
        1,
        1,
        0,
        null,
        2,
        null,
        null,
        null,
        null,
        1,
        0,
        0,
        0,
        0,
        null,
        null,
        0,
        0,
        null,
        null,
        null,
        1,
        1,
        1,
        2,
        null,
        null,
        null,
        1,
        2,
        1,
        2,
        null,
        null,
        1,
        2,
        null,
        null,
        null,
        1,
        0,
        0,
        0,
        0,
        null,
        0,
        null,
        null,
        null,
        0,
        0,
        null,
        null,
        null,
        1,
        null,
        1,
        1,
        null,
        null
      ],
      "/home/admin123/Bankapp/app/controllers/users_controller.rb": [
        null,
        null,
        1,
        1,
        1,
        1,
        1,
        2,
        null,
        null,
        null,
        1,
        2,
        1,
        2,
        null,
        null,
        1,
        2,
        null,
        null,
        null,
        1,
        2,
        2,
        2,
        2,
        null,
        2,
        null,
        null,
        null,
        null,
        1,
        0,
        0,
        0,
        0,
        null,
        null,
        0,
        0,
        null,
        null,
        null,
        1,
        1,
        1,
        2,
        null,
        null,
        null,
        1,
        2,
        1,
        2,
        null,
        null,
        1,
        2,
        null,
        null,
        null,
        1,
        0,
        0,
        0,
        0,
        null,
        0,
        null,
        null,
        null,
        0,
        0,
        null,
        null,
        null,
        1,
        null,
        1,
        2,
        null,
        null
      ],
      "/home/admin123/Bankapp/app/models/account.rb": [
        null,
        null,
        1,
        1,
        1,
        1,
        1,
        1,
        1,
        null,
        null
      ],
      "/home/admin123/Bankapp/app/models/application_record.rb": [
        null,
        null,
        1,
        1,
        null
      ],
      "/home/admin123/Bankapp/app/models/bank.rb": [
        null,
        null,
        1,
        1,
        1,
        1,
        1,
        null
      ],
      "/home/admin123/Bankapp/app/models/branch.rb": [
        null,
        null,
        1,
        1,
        1,
        1,
        1,
        1,
        null
      ],
      "/home/admin123/Bankapp/app/models/card.rb": [
        null,
        null,
        1,
        1,
        1,
        1,
        null
      ],
      "/home/admin123/Bankapp/app/models/loan.rb": [
        null,
        null,
        1,
        1,
        1,
        1,
        null
      ],
      "/home/admin123/Bankapp/app/models/transaction.rb": [
        null,
        null,
        1,
        1,
        1,
        1,
        1,
        1,
        1,
        1,
        null,
        1,
        null,
        1,
        12,
        9,
        1,
        null,
        null,
        null,
        null,
        1,
        12,
        9,
        null,
        null,
        null,
        1,
        7,
        6,
        null,
        1,
        null,
        null,
        7,
        0,
        null,
        null,
        null
      ],
      "/home/admin123/Bankapp/app/models/user.rb": [
        null,
        null,
        1,
        1,
        1,
        1,
        1,
        1,
        null
      ],
      "/home/admin123/Bankapp/app/jobs/application_job.rb": [
        null,
        null,
        0,
        0
      ],
      "/home/admin123/Bankapp/app/mailers/application_mailer.rb": [
        null,
        null,
        0,
        0,
        0,
        0
      ],
      "/home/admin123/Bankapp/app/channels/application_cable/connection.rb": [
        null,
        null,
        0,
        0,
        0,
        0
      ],
      "/home/admin123/Bankapp/app/channels/application_cable/channel.rb": [
        null,
        null,
        0,
        0,
        0,
        0
      ]
    },
    "timestamp": 1540045084
  }
}
